#
# There is insufficient memory for the Java Runtime Environment to continue.
# Native memory allocation (malloc) failed to allocate 32744 bytes for ChunkPool::allocate
# Possible reasons:
#   The system is out of physical RAM or swap space
#   The process is running with CompressedOops enabled, and the Java Heap may be blocking the growth of the native heap
# Possible solutions:
#   Reduce memory load on the system
#   Increase physical memory or swap space
#   Check if swap backing store is full
#   Decrease Java heap size (-Xmx/-Xms)
#   Decrease number of Java threads
#   Decrease Java thread stack sizes (-Xss)
#   Set larger code cache with -XX:ReservedCodeCacheSize=
#   JVM is running with Unscaled Compressed Oops mode in which the Java heap is
#     placed in the first 4GB address space. The Java Heap base address is the
#     maximum limit for the native heap growth. Please use -XX:HeapBaseMinAddress
#     to set the Java Heap base and to place the Java Heap above 4GB virtual address.
# This output file may be truncated or incomplete.
#
#  Out of Memory Error (t:/workspace/open/src/hotspot/share/memory/arena.cpp:80), pid=8056, tid=9388
#
# JRE version: Java(TM) SE Runtime Environment (13.0.2+8) (build 13.0.2+8)
# Java VM: Java HotSpot(TM) 64-Bit Server VM (13.0.2+8, mixed mode, sharing, tiered, compressed oops, g1 gc, windows-amd64)
# No core dump will be written. Minidumps are not enabled by default on client versions of Windows
#

---------------  S U M M A R Y ------------

Command Line: -Dfile.encoding=Cp1252 --module-path=C:\Users\santi\eclipse-workspace\Todo1\bin -Djdk.module.main=Todo1 Todo1/Vista.Vinventario

Host: Intel(R) Celeron(R) CPU  N3060  @ 1.60GHz, 2 cores, 3G,  Windows 10 , 64 bit Build 15063 (10.0.15063.1058)
Time: Fri Apr  3 23:10:01 2020 Hora est. Pacífico, Sudamérica elapsed time: 0 seconds (0d 0h 0m 0s)

---------------  T H R E A D  ---------------

Current thread (0x000001684e251800):  JavaThread "C2 CompilerThread0" daemon [_thread_in_native, id=9388, stack(0x0000004809100000,0x0000004809200000)]


Current CompileTask:
C2:    514  317       4       jdk.internal.org.objectweb.asm.ByteVector::putUTF8 (144 bytes)

Stack: [0x0000004809100000,0x0000004809200000]
Native frames: (J=compiled Java code, j=interpreted, Vv=VM code, C=native code)
V  [jvm.dll+0x624f9a]
V  [jvm.dll+0x770cfa]
V  [jvm.dll+0x7724af]
V  [jvm.dll+0x772ab3]
V  [jvm.dll+0x24bf08]
V  [jvm.dll+0xc2076]
V  [jvm.dll+0xc23cc]
V  [jvm.dll+0x19d1b2]
V  [jvm.dll+0x339dbb]
V  [jvm.dll+0x639517]
V  [jvm.dll+0x639ce7]
V  [jvm.dll+0x63931c]
V  [jvm.dll+0x6371bd]
V  [jvm.dll+0x18c4cc]
V  [jvm.dll+0x204ac3]
V  [jvm.dll+0x189c2c]
V  [jvm.dll+0x213e6d]
V  [jvm.dll+0x2120bb]
V  [jvm.dll+0x736bb6]
V  [jvm.dll+0x72fcaa]
V  [jvm.dll+0x623ea6]
C  [ucrtbase.dll+0x20279]
C  [KERNEL32.DLL+0x12784]
C  [ntdll.dll+0x50c51]


---------------  P R O C E S S  ---------------

Threads class SMR info:
_java_thread_list=0x000001684ed8fd50, length=10, elements={
0x0000016832668800, 0x000001684e232800, 0x000001684e236000, 0x000001684e24c000,
0x000001684e24f800, 0x000001684e251800, 0x000001684e266800, 0x000001684e2c9800,
0x000001684e22d800, 0x000001684eda7800
}

Java Threads: ( => current thread )
  0x0000016832668800 JavaThread "main" [_thread_in_vm, id=9156, stack(0x0000004808600000,0x0000004808700000)]
  0x000001684e232800 JavaThread "Reference Handler" daemon [_thread_blocked, id=2592, stack(0x0000004808d00000,0x0000004808e00000)]
  0x000001684e236000 JavaThread "Finalizer" daemon [_thread_blocked, id=11216, stack(0x0000004808e00000,0x0000004808f00000)]
  0x000001684e24c000 JavaThread "Signal Dispatcher" daemon [_thread_blocked, id=9192, stack(0x0000004808f00000,0x0000004809000000)]
  0x000001684e24f800 JavaThread "Attach Listener" daemon [_thread_blocked, id=888, stack(0x0000004809000000,0x0000004809100000)]
=>0x000001684e251800 JavaThread "C2 CompilerThread0" daemon [_thread_in_native, id=9388, stack(0x0000004809100000,0x0000004809200000)]
  0x000001684e266800 JavaThread "C1 CompilerThread0" daemon [_thread_in_native, id=1692, stack(0x0000004809200000,0x0000004809300000)]
  0x000001684e2c9800 JavaThread "Sweeper thread" daemon [_thread_blocked, id=10800, stack(0x0000004809300000,0x0000004809400000)]
  0x000001684e22d800 JavaThread "Common-Cleaner" daemon [_thread_blocked, id=1312, stack(0x0000004809400000,0x0000004809500000)]
  0x000001684eda7800 JavaThread "Service Thread" daemon [_thread_blocked, id=4000, stack(0x0000004809500000,0x0000004809600000)]

Other Threads:
  0x000001683273e800 VMThread "VM Thread" [stack: 0x0000004808c00000,0x0000004808d00000] [id=1732]
  0x000001684edde000 WatcherThread [stack: 0x0000004809600000,0x0000004809700000] [id=10016]
  0x0000016832696000 GCTaskThread "GC Thread#0" [stack: 0x0000004808700000,0x0000004808800000] [id=11064]
  0x00000168326a1800 ConcurrentGCThread "G1 Main Marker" [stack: 0x0000004808800000,0x0000004808900000] [id=7840]
  0x00000168326a3800 ConcurrentGCThread "G1 Conc#0" [stack: 0x0000004808900000,0x0000004808a00000] [id=10284]
  0x00000168326f4800 ConcurrentGCThread "G1 Refine#0" [stack: 0x0000004808a00000,0x0000004808b00000] [id=5516]
  0x00000168326f7800 ConcurrentGCThread "G1 Young RemSet Sampling" [stack: 0x0000004808b00000,0x0000004808c00000] [id=7948]

Threads with active compile tasks:
C2 CompilerThread0      578  317       4       jdk.internal.org.objectweb.asm.ByteVector::putUTF8 (144 bytes)
C1 CompilerThread0      578  313       3       jdk.internal.org.objectweb.asm.Frame::execute (2305 bytes)

VM state:not at safepoint (normal execution)

VM Mutex/Monitor currently owned by a thread: None

Heap address: 0x00000000c1600000, size: 1002 MB, Compressed Oops mode: 32-bit
Narrow klass base: 0x0000000800000000, Narrow klass shift: 3
Compressed class space size: 1073741824 Address: 0x0000000800b40000

Heap:
 garbage-first heap   total 65536K, used 2048K [0x00000000c1600000, 0x0000000100000000)
  region size 1024K, 3 young (3072K), 0 survivors (0K)
 Metaspace       used 1639K, capacity 4638K, committed 4864K, reserved 1056768K
  class space    used 179K, capacity 463K, committed 512K, reserved 1048576K
Heap Regions: E=young(eden), S=young(survivor), O=old, HS=humongous(starts), HC=humongous(continues), CS=collection set, F=free, A=archive, TAMS=top-at-mark-start (previous, next)
|   0|0x00000000c1600000, 0x00000000c1600000, 0x00000000c1700000|  0%| F|  |TAMS 0x00000000c1600000, 0x00000000c1600000| Untracked 
|   1|0x00000000c1700000, 0x00000000c1700000, 0x00000000c1800000|  0%| F|  |TAMS 0x00000000c1700000, 0x00000000c1700000| Untracked 
|   2|0x00000000c1800000, 0x00000000c1800000, 0x00000000c1900000|  0%| F|  |TAMS 0x00000000c1800000, 0x00000000c1800000| Untracked 
|   3|0x00000000c1900000, 0x00000000c1900000, 0x00000000c1a00000|  0%| F|  |TAMS 0x00000000c1900000, 0x00000000c1900000| Untracked 
|   4|0x00000000c1a00000, 0x00000000c1a00000, 0x00000000c1b00000|  0%| F|  |TAMS 0x00000000c1a00000, 0x00000000c1a00000| Untracked 
|   5|0x00000000c1b00000, 0x00000000c1b00000, 0x00000000c1c00000|  0%| F|  |TAMS 0x00000000c1b00000, 0x00000000c1b00000| Untracked 
|   6|0x00000000c1c00000, 0x00000000c1c00000, 0x00000000c1d00000|  0%| F|  |TAMS 0x00000000c1c00000, 0x00000000c1c00000| Untracked 
|   7|0x00000000c1d00000, 0x00000000c1d00000, 0x00000000c1e00000|  0%| F|  |TAMS 0x00000000c1d00000, 0x00000000c1d00000| Untracked 
|   8|0x00000000c1e00000, 0x00000000c1e00000, 0x00000000c1f00000|  0%| F|  |TAMS 0x00000000c1e00000, 0x00000000c1e00000| Untracked 
|   9|0x00000000c1f00000, 0x00000000c1f00000, 0x00000000c2000000|  0%| F|  |TAMS 0x00000000c1f00000, 0x00000000c1f00000| Untracked 
|  10|0x00000000c2000000, 0x00000000c2000000, 0x00000000c2100000|  0%| F|  |TAMS 0x00000000c2000000, 0x00000000c2000000| Untracked 
|  11|0x00000000c2100000, 0x00000000c2100000, 0x00000000c2200000|  0%| F|  |TAMS 0x00000000c2100000, 0x00000000c2100000| Untracked 
|  12|0x00000000c2200000, 0x00000000c2200000, 0x00000000c2300000|  0%| F|  |TAMS 0x00000000c2200000, 0x00000000c2200000| Untracked 
|  13|0x00000000c2300000, 0x00000000c2300000, 0x00000000c2400000|  0%| F|  |TAMS 0x00000000c2300000, 0x00000000c2300000| Untracked 
|  14|0x00000000c2400000, 0x00000000c2400000, 0x00000000c2500000|  0%| F|  |TAMS 0x00000000c2400000, 0x00000000c2400000| Untracked 
|  15|0x00000000c2500000, 0x00000000c2500000, 0x00000000c2600000|  0%| F|  |TAMS 0x00000000c2500000, 0x00000000c2500000| Untracked 
|  16|0x00000000c2600000, 0x00000000c2600000, 0x00000000c2700000|  0%| F|  |TAMS 0x00000000c2600000, 0x00000000c2600000| Untracked 
|  17|0x00000000c2700000, 0x00000000c2700000, 0x00000000c2800000|  0%| F|  |TAMS 0x00000000c2700000, 0x00000000c2700000| Untracked 
|  18|0x00000000c2800000, 0x00000000c2800000, 0x00000000c2900000|  0%| F|  |TAMS 0x00000000c2800000, 0x00000000c2800000| Untracked 
|  19|0x00000000c2900000, 0x00000000c2900000, 0x00000000c2a00000|  0%| F|  |TAMS 0x00000000c2900000, 0x00000000c2900000| Untracked 
|  20|0x00000000c2a00000, 0x00000000c2a00000, 0x00000000c2b00000|  0%| F|  |TAMS 0x00000000c2a00000, 0x00000000c2a00000| Untracked 
|  21|0x00000000c2b00000, 0x00000000c2b00000, 0x00000000c2c00000|  0%| F|  |TAMS 0x00000000c2b00000, 0x00000000c2b00000| Untracked 
|  22|0x00000000c2c00000, 0x00000000c2c00000, 0x00000000c2d00000|  0%| F|  |TAMS 0x00000000c2c00000, 0x00000000c2c00000| Untracked 
|  23|0x00000000c2d00000, 0x00000000c2d00000, 0x00000000c2e00000|  0%| F|  |TAMS 0x00000000c2d00000, 0x00000000c2d00000| Untracked 
|  24|0x00000000c2e00000, 0x00000000c2e00000, 0x00000000c2f00000|  0%| F|  |TAMS 0x00000000c2e00000, 0x00000000c2e00000| Untracked 
|  25|0x00000000c2f00000, 0x00000000c2f00000, 0x00000000c3000000|  0%| F|  |TAMS 0x00000000c2f00000, 0x00000000c2f00000| Untracked 
|  26|0x00000000c3000000, 0x00000000c3000000, 0x00000000c3100000|  0%| F|  |TAMS 0x00000000c3000000, 0x00000000c3000000| Untracked 
|  27|0x00000000c3100000, 0x00000000c3100000, 0x00000000c3200000|  0%| F|  |TAMS 0x00000000c3100000, 0x00000000c3100000| Untracked 
|  28|0x00000000c3200000, 0x00000000c3200000, 0x00000000c3300000|  0%| F|  |TAMS 0x00000000c3200000, 0x00000000c3200000| Untracked 
|  29|0x00000000c3300000, 0x00000000c3300000, 0x00000000c3400000|  0%| F|  |TAMS 0x00000000c3300000, 0x00000000c3300000| Untracked 
|  30|0x00000000c3400000, 0x00000000c3400000, 0x00000000c3500000|  0%| F|  |TAMS 0x00000000c3400000, 0x00000000c3400000| Untracked 
|  31|0x00000000c3500000, 0x00000000c3500000, 0x00000000c3600000|  0%| F|  |TAMS 0x00000000c3500000, 0x00000000c3500000| Untracked 
|  32|0x00000000c3600000, 0x00000000c3600000, 0x00000000c3700000|  0%| F|  |TAMS 0x00000000c3600000, 0x00000000c3600000| Untracked 
|  33|0x00000000c3700000, 0x00000000c3700000, 0x00000000c3800000|  0%| F|  |TAMS 0x00000000c3700000, 0x00000000c3700000| Untracked 
|  34|0x00000000c3800000, 0x00000000c3800000, 0x00000000c3900000|  0%| F|  |TAMS 0x00000000c3800000, 0x00000000c3800000| Untracked 
|  35|0x00000000c3900000, 0x00000000c3900000, 0x00000000c3a00000|  0%| F|  |TAMS 0x00000000c3900000, 0x00000000c3900000| Untracked 
|  36|0x00000000c3a00000, 0x00000000c3a00000, 0x00000000c3b00000|  0%| F|  |TAMS 0x00000000c3a00000, 0x00000000c3a00000| Untracked 
|  37|0x00000000c3b00000, 0x00000000c3b00000, 0x00000000c3c00000|  0%| F|  |TAMS 0x00000000c3b00000, 0x00000000c3b00000| Untracked 
|  38|0x00000000c3c00000, 0x00000000c3c00000, 0x00000000c3d00000|  0%| F|  |TAMS 0x00000000c3c00000, 0x00000000c3c00000| Untracked 
|  39|0x00000000c3d00000, 0x00000000c3d00000, 0x00000000c3e00000|  0%| F|  |TAMS 0x00000000c3d00000, 0x00000000c3d00000| Untracked 
|  40|0x00000000c3e00000, 0x00000000c3e00000, 0x00000000c3f00000|  0%| F|  |TAMS 0x00000000c3e00000, 0x00000000c3e00000| Untracked 
|  41|0x00000000c3f00000, 0x00000000c3f00000, 0x00000000c4000000|  0%| F|  |TAMS 0x00000000c3f00000, 0x00000000c3f00000| Untracked 
|  42|0x00000000c4000000, 0x00000000c4000000, 0x00000000c4100000|  0%| F|  |TAMS 0x00000000c4000000, 0x00000000c4000000| Untracked 
|  43|0x00000000c4100000, 0x00000000c4100000, 0x00000000c4200000|  0%| F|  |TAMS 0x00000000c4100000, 0x00000000c4100000| Untracked 
|  44|0x00000000c4200000, 0x00000000c4200000, 0x00000000c4300000|  0%| F|  |TAMS 0x00000000c4200000, 0x00000000c4200000| Untracked 
|  45|0x00000000c4300000, 0x00000000c4300000, 0x00000000c4400000|  0%| F|  |TAMS 0x00000000c4300000, 0x00000000c4300000| Untracked 
|  46|0x00000000c4400000, 0x00000000c4400000, 0x00000000c4500000|  0%| F|  |TAMS 0x00000000c4400000, 0x00000000c4400000| Untracked 
|  47|0x00000000c4500000, 0x00000000c4500000, 0x00000000c4600000|  0%| F|  |TAMS 0x00000000c4500000, 0x00000000c4500000| Untracked 
|  48|0x00000000c4600000, 0x00000000c4600000, 0x00000000c4700000|  0%| F|  |TAMS 0x00000000c4600000, 0x00000000c4600000| Untracked 
|  49|0x00000000c4700000, 0x00000000c4700000, 0x00000000c4800000|  0%| F|  |TAMS 0x00000000c4700000, 0x00000000c4700000| Untracked 
|  50|0x00000000c4800000, 0x00000000c4800000, 0x00000000c4900000|  0%| F|  |TAMS 0x00000000c4800000, 0x00000000c4800000| Untracked 
|  51|0x00000000c4900000, 0x00000000c4900000, 0x00000000c4a00000|  0%| F|  |TAMS 0x00000000c4900000, 0x00000000c4900000| Untracked 
|  52|0x00000000c4a00000, 0x00000000c4a00000, 0x00000000c4b00000|  0%| F|  |TAMS 0x00000000c4a00000, 0x00000000c4a00000| Untracked 
|  53|0x00000000c4b00000, 0x00000000c4b00000, 0x00000000c4c00000|  0%| F|  |TAMS 0x00000000c4b00000, 0x00000000c4b00000| Untracked 
|  54|0x00000000c4c00000, 0x00000000c4c00000, 0x00000000c4d00000|  0%| F|  |TAMS 0x00000000c4c00000, 0x00000000c4c00000| Untracked 
|  55|0x00000000c4d00000, 0x00000000c4d00000, 0x00000000c4e00000|  0%| F|  |TAMS 0x00000000c4d00000, 0x00000000c4d00000| Untracked 
|  56|0x00000000c4e00000, 0x00000000c4e00000, 0x00000000c4f00000|  0%| F|  |TAMS 0x00000000c4e00000, 0x00000000c4e00000| Untracked 
|  57|0x00000000c4f00000, 0x00000000c4f00000, 0x00000000c5000000|  0%| F|  |TAMS 0x00000000c4f00000, 0x00000000c4f00000| Untracked 
|  58|0x00000000c5000000, 0x00000000c5000000, 0x00000000c5100000|  0%| F|  |TAMS 0x00000000c5000000, 0x00000000c5000000| Untracked 
|  59|0x00000000c5100000, 0x00000000c5100000, 0x00000000c5200000|  0%| F|  |TAMS 0x00000000c5100000, 0x00000000c5100000| Untracked 
|  60|0x00000000c5200000, 0x00000000c5200000, 0x00000000c5300000|  0%| F|  |TAMS 0x00000000c5200000, 0x00000000c5200000| Untracked 
|  61|0x00000000c5300000, 0x00000000c5324980, 0x00000000c5400000| 14%| E|  |TAMS 0x00000000c5300000, 0x00000000c5300000| Complete 
|  62|0x00000000c5400000, 0x00000000c5500000, 0x00000000c5500000|100%| E|CS|TAMS 0x00000000c5400000, 0x00000000c5400000| Complete 
|  63|0x00000000c5500000, 0x00000000c5600000, 0x00000000c5600000|100%| E|CS|TAMS 0x00000000c5500000, 0x00000000c5500000| Complete 

Card table byte_map: [0x0000016849b70000,0x0000016849d70000] _byte_map_base: 0x0000016849565000

Marking Bits (Prev, Next): (CMBitMap*) 0x0000016832697f38, (CMBitMap*) 0x0000016832697f78
 Prev Bits: [0x0000016849f70000, 0x000001684af18000)
 Next Bits: [0x000001684af20000, 0x000001684bec8000)

Polling page: 0x0000016830510000

Metaspace:

Usage:
  Non-class:      4.08 MB capacity,     1.43 MB ( 35%) used,     2.65 MB ( 65%) free+waste,     4.63 KB ( <1%) overhead. 
      Class:    463.00 KB capacity,   179.71 KB ( 39%) used,   280.29 KB ( 61%) free+waste,     3.00 KB ( <1%) overhead. 
       Both:      4.53 MB capacity,     1.60 MB ( 35%) used,     2.92 MB ( 64%) free+waste,     7.63 KB ( <1%) overhead. 

Virtual space:
  Non-class space:        8.00 MB reserved,       4.25 MB ( 53%) committed 
      Class space:        1.00 GB reserved,     512.00 KB ( <1%) committed 
             Both:        1.01 GB reserved,       4.75 MB ( <1%) committed 

Chunk freelists:
   Non-Class:  0 bytes
       Class:  0 bytes
        Both:  0 bytes

MaxMetaspaceSize: 17179869184.00 GB
CompressedClassSpaceSize: 1.00 GB

CodeHeap 'non-profiled nmethods': size=120064Kb used=107Kb max_used=107Kb free=119956Kb
 bounds [0x0000016842630000, 0x00000168428a0000, 0x0000016849b70000]
CodeHeap 'profiled nmethods': size=120000Kb used=409Kb max_used=409Kb free=119590Kb
 bounds [0x000001683b100000, 0x000001683b370000, 0x0000016842630000]
CodeHeap 'non-nmethods': size=5696Kb used=1121Kb max_used=1133Kb free=4574Kb
 bounds [0x000001683ab70000, 0x000001683ade0000, 0x000001683b100000]
 total_blobs=1007 nmethods=312 adapters=270
 compilation: enabled
              stopped_count=0, restarted_count=0
 full_count=0

Compilation events (20 events):
Event: 0.492 Thread 0x000001684e266800  298       1       java.lang.invoke.LambdaForm$BasicType::basicTypeClass (5 bytes)
Event: 0.492 Thread 0x000001684e266800 nmethod 298 0x0000016842649590 code [0x0000016842649720, 0x0000016842649858]
Event: 0.494 Thread 0x000001684e266800  303       3       java.lang.invoke.LambdaForm::parameter (52 bytes)
Event: 0.494 Thread 0x000001684e266800 nmethod 303 0x000001683b164090 code [0x000001683b164240, 0x000001683b164418]
Event: 0.495 Thread 0x000001684e266800  304       3       jdk.internal.org.objectweb.asm.Frame::push (109 bytes)
Event: 0.495 Thread 0x000001684e266800 nmethod 304 0x000001683b164510 code [0x000001683b1646e0, 0x000001683b164cf0]
Event: 0.497 Thread 0x000001684e266800  306       3       java.lang.invoke.MethodHandles$Lookup::lookupClassOrNull (17 bytes)
Event: 0.497 Thread 0x000001684e251800  307       4       java.util.Objects::requireNonNull (14 bytes)
Event: 0.497 Thread 0x000001684e266800 nmethod 306 0x000001683b164e90 code [0x000001683b165040, 0x000001683b165238]
Event: 0.498 Thread 0x000001684e266800  308       3       java.lang.invoke.LambdaForm$NamedFunction::methodType (23 bytes)
Event: 0.498 Thread 0x000001684e251800 nmethod 307 0x000001684264a810 code [0x000001684264a9a0, 0x000001684264a9f8]
Event: 0.498 Thread 0x000001684e266800 nmethod 308 0x000001683b165310 code [0x000001683b1654c0, 0x000001683b165770]
Event: 0.500 Thread 0x000001684e266800  310       3       java.lang.invoke.MethodType::parameterSlotCount (8 bytes)
Event: 0.500 Thread 0x000001684e266800 nmethod 310 0x000001683b165890 code [0x000001683b165a40, 0x000001683b165cb8]
Event: 0.500 Thread 0x000001684e266800  311       3       java.lang.invoke.MethodTypeForm::parameterSlotCount (9 bytes)
Event: 0.501 Thread 0x000001684e266800 nmethod 311 0x000001683b165d90 code [0x000001683b165f40, 0x000001683b166138]
Event: 0.501 Thread 0x000001684e266800  312       3       java.lang.invoke.MethodTypeForm::unpack (30 bytes)
Event: 0.501 Thread 0x000001684e266800 nmethod 312 0x000001683b166210 code [0x000001683b1663a0, 0x000001683b166518]
Event: 0.501 Thread 0x000001684e266800  313       3       jdk.internal.org.objectweb.asm.Frame::execute (2305 bytes)
Event: 0.506 Thread 0x000001684e251800  317       4       jdk.internal.org.objectweb.asm.ByteVector::putUTF8 (144 bytes)

GC Heap History (0 events):
No events

Deoptimization events (4 events):
Event: 0.376 Thread 0x0000016832668800 Uncommon trap: trap_request=0xffffff45 fr.pc=0x0000016842636320 relative=0x0000000000000080
Event: 0.376 Thread 0x0000016832668800 Uncommon trap: reason=unstable_if action=reinterpret pc=0x0000016842636320 method=java.lang.String.isLatin1()Z @ 10 c2
Event: 0.376 Thread 0x0000016832668800 DEOPT PACKING pc=0x0000016842636320 sp=0x00000048086fec30
Event: 0.376 Thread 0x0000016832668800 DEOPT UNPACKING pc=0x000001683abb9429 sp=0x00000048086feb70 mode 2

Classes unloaded (0 events):
No events

Classes redefined (0 events):
No events

Internal exceptions (5 events):
Event: 0.224 Thread 0x0000016832668800 Exception <a 'java/lang/NoSuchMethodError'{0x00000000c55ccdb8}: 'int java.lang.invoke.DirectMethodHandle$Holder.invokeSpecial(java.lang.Object, java.lang.Object, java.lang.Object, java.lang.Object)'> (0x00000000c55ccdb8) 
thrown [t:/workspace/open/src/hotspot/share/interpreter/linkResolver.cpp, line 767]
Event: 0.238 Thread 0x0000016832668800 Exception <a 'java/lang/NoSuchMethodError'{0x00000000c55d4ae0}: 'void java.lang.invoke.DirectMethodHandle$Holder.invokeVirtual(java.lang.Object, java.lang.Object)'> (0x00000000c55d4ae0) 
thrown [t:/workspace/open/src/hotspot/share/interpreter/linkResolver.cpp, line 767]
Event: 0.422 Thread 0x0000016832668800 Exception <a 'sun/nio/fs/WindowsException'{0x00000000c54a5358}> (0x00000000c54a5358) 
thrown [t:/workspace/open/src/hotspot/share/prims/jni.cpp, line 598]
Event: 0.431 Thread 0x0000016832668800 Exception <a 'java/lang/ClassNotFoundException'{0x00000000c54ab270}: sun/awt/resources/spi/awtProvider> (0x00000000c54ab270) 
thrown [t:/workspace/open/src/hotspot/share/classfile/systemDictionary.cpp, line 232]
Event: 0.503 Thread 0x0000016832668800 Exception <a 'java/io/FileNotFoundException'{0x00000000c54fa830}> (0x00000000c54fa830) 
thrown [t:/workspace/open/src/hotspot/share/prims/jni.cpp, line 598]

Events (20 events):
Event: 0.449 loading class java/awt/Toolkit$2 done
Event: 0.457 Loaded shared library C:\Program Files\Java\jdk-13.0.2\bin\awt.dll
Event: 0.457 loading class java/awt/Toolkit$1
Event: 0.457 loading class java/awt/Toolkit$1 done
Event: 0.468 loading class java/lang/invoke/BoundMethodHandle$Species_LL
Event: 0.468 loading class java/lang/invoke/BoundMethodHandle$Species_LL done
Event: 0.471 loading class java/lang/invoke/BoundMethodHandle$Species_LLL
Event: 0.472 loading class java/lang/invoke/BoundMethodHandle$Species_LLL done
Event: 0.480 loading class java/lang/invoke/BoundMethodHandle$Species_LLLL
Event: 0.480 loading class java/lang/invoke/BoundMethodHandle$Species_LLLL done
Event: 0.484 loading class java/lang/invoke/BoundMethodHandle$Species_LLLLL
Event: 0.484 loading class java/lang/invoke/BoundMethodHandle$Species_LLLLL done
Event: 0.489 loading class java/lang/invoke/BoundMethodHandle$Species_LJ
Event: 0.490 loading class java/lang/invoke/BoundMethodHandle$Species_LJ done
Event: 0.492 loading class java/lang/invoke/BoundMethodHandle$Species_LLLLLL
Event: 0.492 loading class java/lang/invoke/BoundMethodHandle$Species_LLLLLL done
Event: 0.496 loading class java/lang/invoke/BoundMethodHandle$Species_LLLLLLL
Event: 0.496 loading class java/lang/invoke/BoundMethodHandle$Species_LLLLLLL done
Event: 0.502 loading class java/io/FileNotFoundException
Event: 0.503 loading class java/io/FileNotFoundException done


Dynamic libraries:
0x00007ff65d180000 - 0x00007ff65d18f000 	C:\Program Files\Java\jdk-13.0.2\bin\javaw.exe
0x00007ffb1b680000 - 0x00007ffb1b85b000 	C:\windows\SYSTEM32\ntdll.dll
0x00007ffb18ce0000 - 0x00007ffb18d8e000 	C:\windows\System32\KERNEL32.DLL
0x00007ffb17bc0000 - 0x00007ffb17e0a000 	C:\windows\System32\KERNELBASE.dll
0x00007ffb18610000 - 0x00007ffb18706000 	C:\windows\System32\ucrtbase.dll
0x00007ffaf3b30000 - 0x00007ffaf3b48000 	C:\Program Files\Java\jdk-13.0.2\bin\jli.dll
0x00007ffb18fc0000 - 0x00007ffb19061000 	C:\windows\System32\ADVAPI32.dll
0x00007ffb18c40000 - 0x00007ffb18cdd000 	C:\windows\System32\msvcrt.dll
0x00007ffb18d90000 - 0x00007ffb18de9000 	C:\windows\System32\sechost.dll
0x00007ffb194b0000 - 0x00007ffb195d5000 	C:\windows\System32\RPCRT4.dll
0x00007ffb19f30000 - 0x00007ffb1a07a000 	C:\windows\System32\USER32.dll
0x00007ffb17ba0000 - 0x00007ffb17bbe000 	C:\windows\System32\win32u.dll
0x00007ffb195e0000 - 0x00007ffb19607000 	C:\windows\System32\GDI32.dll
0x00007ffb18930000 - 0x00007ffb18ab8000 	C:\windows\System32\gdi32full.dll
0x00007ffaf3b10000 - 0x00007ffaf3b25000 	C:\Program Files\Java\jdk-13.0.2\bin\VCRUNTIME140.dll
0x00007ffb17e70000 - 0x00007ffb17f0a000 	C:\windows\System32\msvcp_win.dll
0x00007ffb0bb80000 - 0x00007ffb0bde7000 	C:\windows\WinSxS\amd64_microsoft.windows.common-controls_6595b64144ccf1df_6.0.15063.1155_none_40c7922129a7722b\COMCTL32.dll
0x00007ffb19c20000 - 0x00007ffb19f19000 	C:\windows\System32\combase.dll
0x00007ffb18ac0000 - 0x00007ffb18b2a000 	C:\windows\System32\bcryptPrimitives.dll
0x00007ffb0be00000 - 0x00007ffb0be0a000 	C:\windows\SYSTEM32\VERSION.dll
0x00007ffb18df0000 - 0x00007ffb18e1d000 	C:\windows\System32\IMM32.DLL
0x00007ffaf0f80000 - 0x00007ffaf101b000 	C:\Program Files\Java\jdk-13.0.2\bin\msvcp140.dll
0x00007ffaf1020000 - 0x00007ffaf1b7d000 	C:\Program Files\Java\jdk-13.0.2\bin\server\jvm.dll
0x00007ffb19960000 - 0x00007ffb19968000 	C:\windows\System32\PSAPI.DLL
0x00007ffb145e0000 - 0x00007ffb145e9000 	C:\windows\SYSTEM32\WSOCK32.dll
0x00007ffb15f90000 - 0x00007ffb15fb3000 	C:\windows\SYSTEM32\WINMM.dll
0x00007ffb18e40000 - 0x00007ffb18eac000 	C:\windows\System32\WS2_32.dll
0x00007ffb15f40000 - 0x00007ffb15f6b000 	C:\windows\SYSTEM32\WINMMBASE.dll
0x00007ffb18710000 - 0x00007ffb18759000 	C:\windows\System32\cfgmgr32.dll
0x00007ffb17b80000 - 0x00007ffb17b91000 	C:\windows\System32\kernel.appcore.dll
0x00007ffb13300000 - 0x00007ffb13310000 	C:\Program Files\Java\jdk-13.0.2\bin\verify.dll
0x00007ffb14370000 - 0x00007ffb14519000 	C:\windows\SYSTEM32\DBGHELP.DLL
0x00007ffb05940000 - 0x00007ffb05969000 	C:\windows\SYSTEM32\dbgcore.DLL
0x00007ffb130d0000 - 0x00007ffb130f6000 	C:\Program Files\Java\jdk-13.0.2\bin\java.dll
0x00007ffb11dc0000 - 0x00007ffb11dd7000 	C:\Program Files\Java\jdk-13.0.2\bin\zip.dll
0x00007ffb11db0000 - 0x00007ffb11dba000 	C:\Program Files\Java\jdk-13.0.2\bin\jimage.dll
0x00007ffb1a0f0000 - 0x00007ffb1b528000 	C:\windows\System32\SHELL32.dll
0x00007ffb18f10000 - 0x00007ffb18fba000 	C:\windows\System32\shcore.dll
0x00007ffb17f10000 - 0x00007ffb18601000 	C:\windows\System32\windows.storage.dll
0x00007ffb18be0000 - 0x00007ffb18c31000 	C:\windows\System32\shlwapi.dll
0x00007ffb17b10000 - 0x00007ffb17b5c000 	C:\windows\System32\powrprof.dll
0x00007ffb17b60000 - 0x00007ffb17b75000 	C:\windows\System32\profapi.dll
0x00007ffb0d960000 - 0x00007ffb0d979000 	C:\Program Files\Java\jdk-13.0.2\bin\net.dll
0x00007ffb06830000 - 0x00007ffb06906000 	C:\windows\SYSTEM32\WINHTTP.dll
0x00007ffb173a0000 - 0x00007ffb173fc000 	C:\windows\system32\mswsock.dll
0x00007ffb0a0b0000 - 0x00007ffb0a0c3000 	C:\Program Files\Java\jdk-13.0.2\bin\nio.dll
0x00007ffaf0ae0000 - 0x00007ffaf0c79000 	C:\Program Files\Java\jdk-13.0.2\bin\awt.dll
0x00007ffb198a0000 - 0x00007ffb19960000 	C:\windows\System32\OLEAUT32.dll
0x00007ffb16280000 - 0x00007ffb162fe000 	C:\windows\SYSTEM32\apphelp.dll

dbghelp: loaded successfully - version: 4.0.5 - missing functions: none
symbol engine: initialized successfully - sym options: 0x614 - pdb path: .;C:\Program Files\Java\jdk-13.0.2\bin;C:\windows\SYSTEM32;C:\windows\WinSxS\amd64_microsoft.windows.common-controls_6595b64144ccf1df_6.0.15063.1155_none_40c7922129a7722b;C:\Program Files\Java\jdk-13.0.2\bin\server

VM Arguments:
jvm_args: -Dfile.encoding=Cp1252 --module-path=C:\Users\santi\eclipse-workspace\Todo1\bin -Djdk.module.main=Todo1 
java_command: Todo1/Vista.Vinventario
java_class_path (initial): <not set>
Launcher Type: SUN_STANDARD

[Global flags]
     intx CICompilerCount                          = 2                                         {product} {ergonomic}
     uint ConcGCThreads                            = 1                                         {product} {ergonomic}
     uint G1ConcRefinementThreads                  = 2                                         {product} {ergonomic}
   size_t G1HeapRegionSize                         = 1048576                                   {product} {ergonomic}
    uintx GCDrainStackTargetSize                   = 64                                        {product} {ergonomic}
   size_t InitialHeapSize                          = 67108864                                  {product} {ergonomic}
   size_t MarkStackSize                            = 4194304                                   {product} {ergonomic}
   size_t MaxHeapSize                              = 1050673152                                {product} {ergonomic}
   size_t MaxNewSize                               = 630194176                                 {product} {ergonomic}
   size_t MinHeapDeltaBytes                        = 1048576                                   {product} {ergonomic}
   size_t MinHeapSize                              = 8388608                                   {product} {ergonomic}
    uintx NonNMethodCodeHeapSize                   = 5826188                                {pd product} {ergonomic}
    uintx NonProfiledCodeHeapSize                  = 122916026                              {pd product} {ergonomic}
    uintx ProfiledCodeHeapSize                     = 122916026                              {pd product} {ergonomic}
    uintx ReservedCodeCacheSize                    = 251658240                              {pd product} {ergonomic}
     bool SegmentedCodeCache                       = true                                      {product} {ergonomic}
   size_t SoftMaxHeapSize                          = 1050673152                             {manageable} {ergonomic}
     bool UseCompressedClassPointers               = true                                 {lp64_product} {ergonomic}
     bool UseCompressedOops                        = true                                 {lp64_product} {ergonomic}
     bool UseG1GC                                  = true                                      {product} {ergonomic}
     bool UseLargePagesIndividualAllocation        = false                                  {pd product} {ergonomic}

Logging:
Log output configuration:
 #0: stdout all=warning uptime,level,tags
 #1: stderr all=off uptime,level,tags

Environment Variables:
PATH=C:/Program Files/Java/jdk-13.0.2/bin/server;C:/Program Files/Java/jdk-13.0.2/bin;C:\windows\System32;C:\Users\santi\AppData\Local\Microsoft\WindowsApps;;D:\Escritorio;
USERNAME=santi
OS=Windows_NT
PROCESSOR_IDENTIFIER=Intel64 Family 6 Model 76 Stepping 4, GenuineIntel



---------------  S Y S T E M  ---------------

OS: Windows 10 , 64 bit Build 15063 (10.0.15063.1058)

CPU:total 2 (initial active 2) (2 cores per cpu, 1 threads per core) family 6 model 76 stepping 4, cmov, cx8, fxsr, mmx, sse, sse2, sse3, ssse3, sse4.1, sse4.2, popcnt, aes, clmul, erms, 3dnowpref, tsc, tscinvbit

Memory: 4k page, system-wide physical 4001M (990M free)
TotalPageFile size 6416M (AvailPageFile size 3M)
current process WorkingSet (physical memory assigned to process): 36M, peak: 36M
current process commit charge ("private bytes"): 137M, peak: 137M

vm_info: Java HotSpot(TM) 64-Bit Server VM (13.0.2+8) for windows-amd64 JRE (13.0.2+8), built on Dec 11 2019 09:20:33 by "mach5one" with unknown MS VC++:1916

END.
