#
# There is insufficient memory for the Java Runtime Environment to continue.
# Native memory allocation (malloc) failed to allocate 1048576 bytes for AllocateHeap
# Possible reasons:
#   The system is out of physical RAM or swap space
#   The process is running with CompressedOops enabled, and the Java Heap may be blocking the growth of the native heap
# Possible solutions:
#   Reduce memory load on the system
#   Increase physical memory or swap space
#   Check if swap backing store is full
#   Decrease Java heap size (-Xmx/-Xms)
#   Decrease number of Java threads
#   Decrease Java thread stack sizes (-Xss)
#   Set larger code cache with -XX:ReservedCodeCacheSize=
#   JVM is running with Unscaled Compressed Oops mode in which the Java heap is
#     placed in the first 4GB address space. The Java Heap base address is the
#     maximum limit for the native heap growth. Please use -XX:HeapBaseMinAddress
#     to set the Java Heap base and to place the Java Heap above 4GB virtual address.
# This output file may be truncated or incomplete.
#
#  Out of Memory Error (t:/workspace/open/src/hotspot/share/memory/allocation.cpp:45), pid=1608, tid=296
#
# JRE version: Java(TM) SE Runtime Environment (13.0.2+8) (build 13.0.2+8)
# Java VM: Java HotSpot(TM) 64-Bit Server VM (13.0.2+8, mixed mode, sharing, tiered, compressed oops, g1 gc, windows-amd64)
# No core dump will be written. Minidumps are not enabled by default on client versions of Windows
#

---------------  S U M M A R Y ------------

Command Line: -Dfile.encoding=Cp1252 --module-path=C:\Users\santi\eclipse-workspace\Todo1\bin -Djdk.module.main=Todo1 Todo1/Vista.Vinventario

Host: Intel(R) Celeron(R) CPU  N3060  @ 1.60GHz, 2 cores, 3G,  Windows 10 , 64 bit Build 15063 (10.0.15063.1058)
Time: Fri Apr  3 23:10:37 2020 Hora est. Pacífico, Sudamérica elapsed time: 0 seconds (0d 0h 0m 0s)

---------------  T H R E A D  ---------------

Current thread (0x000001c4afc12800):  VMThread "VM Thread" [stack: 0x000000a954300000,0x000000a954400000] [id=296]

Stack: [0x000000a954300000,0x000000a954400000]
[error occurred during error reporting (printing stack bounds), id 0xc0000005, EXCEPTION_ACCESS_VIOLATION (0xc0000005) at pc=0x000001c49b6110bd]

Native frames: (J=compiled Java code, j=interpreted, Vv=VM code, C=native code)
V  [jvm.dll+0x624f9a]
V  [jvm.dll+0x770cfa]
V  [jvm.dll+0x7724af]
V  [jvm.dll+0x772a15]
V  [jvm.dll+0x7729cb]
V  [jvm.dll+0x6244df]
C  [ntdll.dll+0x6ed58]
C  [ntdll.dll+0x34ecb]
C  [ntdll.dll+0xa907e]
C  0x000001c49b6110bd

VM_Operation (0x000000a953dfd0e0): CollectForMetadataAllocation, mode: safepoint, requested by thread 0x000001c491916800


---------------  P R O C E S S  ---------------

Threads class SMR info:
_java_thread_list=0x000001c4afca8720, length=8, elements={
0x000001c491916800, 0x000001c4afc17000, 0x000001c4afc23000, 0x000001c4afc34000,
0x000001c4afc36800, 0x000001c4afc38800, 0x000001c4afca7000, 0x000001c4afcab800
}

Java Threads: ( => current thread )
  0x000001c491916800 JavaThread "main" [_thread_blocked, id=8912, stack(0x000000a953d00000,0x000000a953e00000)]
  0x000001c4afc17000 JavaThread "Reference Handler" daemon [_thread_blocked, id=10116, stack(0x000000a954400000,0x000000a954500000)]
  0x000001c4afc23000 JavaThread "Finalizer" daemon [_thread_blocked, id=9952, stack(0x000000a954500000,0x000000a954600000)]
  0x000001c4afc34000 JavaThread "Signal Dispatcher" daemon [_thread_blocked, id=10712, stack(0x000000a954600000,0x000000a954700000)]
  0x000001c4afc36800 JavaThread "Attach Listener" daemon [_thread_blocked, id=3732, stack(0x000000a954700000,0x000000a954800000)]
  0x000001c4afc38800 JavaThread "C2 CompilerThread0" daemon [_thread_blocked, id=7536, stack(0x000000a954800000,0x000000a954900000)]
  0x000001c4afca7000 JavaThread "C1 CompilerThread0" daemon [_thread_blocked, id=5480, stack(0x000000a954900000,0x000000a954a00000)]
  0x000001c4afcab800 JavaThread "Sweeper thread" daemon [_thread_blocked, id=10496, stack(0x000000a954a00000,0x000000a954b00000)]

Other Threads:
=>0x000001c4afc12800 VMThread "VM Thread" [stack: 0x000000a954300000,0x000000a954400000] [id=296]
  0x000001c491943800 GCTaskThread "GC Thread#0" [stack: 0x000000a953e00000,0x000000a953f00000] [id=10224]
  0x000001c4afbfb000 GCTaskThread "GC Thread#1" [stack: 0x000000a954b00000,0x000000a954c00000] [id=10912]
  0x000001c49194e000 ConcurrentGCThread "G1 Main Marker" [stack: 0x000000a953f00000,0x000000a954000000] [id=3992]
  0x000001c491950000 ConcurrentGCThread "G1 Conc#0" [stack: 0x000000a954000000,0x000000a954100000] [id=4768]
  0x000001c4919a0000 ConcurrentGCThread "G1 Refine#0" [stack: 0x000000a954100000,0x000000a954200000] [id=1248]
  0x000001c4919a3000 ConcurrentGCThread "G1 Young RemSet Sampling" [stack: 0x000000a954200000,0x000000a954300000] [id=5300]

Threads with active compile tasks:

VM state:at safepoint (normal execution)

VM Mutex/Monitor currently owned by a thread:  ([mutex/lock_event])
[0x000001c491911ac0] Threads_lock - owner thread: 0x000001c4afc12800
[0x000001c491911e20] Heap_lock - owner thread: 0x000001c491916800

Heap address: 0x00000000c1600000, size: 1002 MB, Compressed Oops mode: 32-bit
Narrow klass base: 0x0000000800000000, Narrow klass shift: 3
Compressed class space size: 1073741824 Address: 0x0000000800b40000

Heap:
 garbage-first heap   total 65536K, used 512K [0x00000000c1600000, 0x0000000100000000)
  region size 1024K, 1 young (1024K), 1 survivors (1024K)
 Metaspace       used 244K, capacity 4480K, committed 4480K, reserved 1067008K
  class space    used 20K, capacity 384K, committed 384K, reserved 1048576K
Heap Regions: E=young(eden), S=young(survivor), O=old, HS=humongous(starts), HC=humongous(continues), CS=collection set, F=free, A=archive, TAMS=top-at-mark-start (previous, next)
|   0|0x00000000c1600000, 0x00000000c1600000, 0x00000000c1700000|  0%| F|  |TAMS 0x00000000c1600000, 0x00000000c1600000| Untracked 
|   1|0x00000000c1700000, 0x00000000c1700000, 0x00000000c1800000|  0%| F|  |TAMS 0x00000000c1700000, 0x00000000c1700000| Untracked 
|   2|0x00000000c1800000, 0x00000000c1800000, 0x00000000c1900000|  0%| F|  |TAMS 0x00000000c1800000, 0x00000000c1800000| Untracked 
|   3|0x00000000c1900000, 0x00000000c1900000, 0x00000000c1a00000|  0%| F|  |TAMS 0x00000000c1900000, 0x00000000c1900000| Untracked 
|   4|0x00000000c1a00000, 0x00000000c1a00000, 0x00000000c1b00000|  0%| F|  |TAMS 0x00000000c1a00000, 0x00000000c1a00000| Untracked 
|   5|0x00000000c1b00000, 0x00000000c1b00000, 0x00000000c1c00000|  0%| F|  |TAMS 0x00000000c1b00000, 0x00000000c1b00000| Untracked 
|   6|0x00000000c1c00000, 0x00000000c1c00000, 0x00000000c1d00000|  0%| F|  |TAMS 0x00000000c1c00000, 0x00000000c1c00000| Untracked 
|   7|0x00000000c1d00000, 0x00000000c1d00000, 0x00000000c1e00000|  0%| F|  |TAMS 0x00000000c1d00000, 0x00000000c1d00000| Untracked 
|   8|0x00000000c1e00000, 0x00000000c1e00000, 0x00000000c1f00000|  0%| F|  |TAMS 0x00000000c1e00000, 0x00000000c1e00000| Untracked 
|   9|0x00000000c1f00000, 0x00000000c1f00000, 0x00000000c2000000|  0%| F|  |TAMS 0x00000000c1f00000, 0x00000000c1f00000| Untracked 
|  10|0x00000000c2000000, 0x00000000c2000000, 0x00000000c2100000|  0%| F|  |TAMS 0x00000000c2000000, 0x00000000c2000000| Untracked 
|  11|0x00000000c2100000, 0x00000000c2100000, 0x00000000c2200000|  0%| F|  |TAMS 0x00000000c2100000, 0x00000000c2100000| Untracked 
|  12|0x00000000c2200000, 0x00000000c2200000, 0x00000000c2300000|  0%| F|  |TAMS 0x00000000c2200000, 0x00000000c2200000| Untracked 
|  13|0x00000000c2300000, 0x00000000c2300000, 0x00000000c2400000|  0%| F|  |TAMS 0x00000000c2300000, 0x00000000c2300000| Untracked 
|  14|0x00000000c2400000, 0x00000000c2400000, 0x00000000c2500000|  0%| F|  |TAMS 0x00000000c2400000, 0x00000000c2400000| Untracked 
|  15|0x00000000c2500000, 0x00000000c2500000, 0x00000000c2600000|  0%| F|  |TAMS 0x00000000c2500000, 0x00000000c2500000| Untracked 
|  16|0x00000000c2600000, 0x00000000c2600000, 0x00000000c2700000|  0%| F|  |TAMS 0x00000000c2600000, 0x00000000c2600000| Untracked 
|  17|0x00000000c2700000, 0x00000000c2700000, 0x00000000c2800000|  0%| F|  |TAMS 0x00000000c2700000, 0x00000000c2700000| Untracked 
|  18|0x00000000c2800000, 0x00000000c2800000, 0x00000000c2900000|  0%| F|  |TAMS 0x00000000c2800000, 0x00000000c2800000| Untracked 
|  19|0x00000000c2900000, 0x00000000c2900000, 0x00000000c2a00000|  0%| F|  |TAMS 0x00000000c2900000, 0x00000000c2900000| Untracked 
|  20|0x00000000c2a00000, 0x00000000c2a00000, 0x00000000c2b00000|  0%| F|  |TAMS 0x00000000c2a00000, 0x00000000c2a00000| Untracked 
|  21|0x00000000c2b00000, 0x00000000c2b00000, 0x00000000c2c00000|  0%| F|  |TAMS 0x00000000c2b00000, 0x00000000c2b00000| Untracked 
|  22|0x00000000c2c00000, 0x00000000c2c00000, 0x00000000c2d00000|  0%| F|  |TAMS 0x00000000c2c00000, 0x00000000c2c00000| Untracked 
|  23|0x00000000c2d00000, 0x00000000c2d00000, 0x00000000c2e00000|  0%| F|  |TAMS 0x00000000c2d00000, 0x00000000c2d00000| Untracked 
|  24|0x00000000c2e00000, 0x00000000c2e00000, 0x00000000c2f00000|  0%| F|  |TAMS 0x00000000c2e00000, 0x00000000c2e00000| Untracked 
|  25|0x00000000c2f00000, 0x00000000c2f00000, 0x00000000c3000000|  0%| F|  |TAMS 0x00000000c2f00000, 0x00000000c2f00000| Untracked 
|  26|0x00000000c3000000, 0x00000000c3000000, 0x00000000c3100000|  0%| F|  |TAMS 0x00000000c3000000, 0x00000000c3000000| Untracked 
|  27|0x00000000c3100000, 0x00000000c3100000, 0x00000000c3200000|  0%| F|  |TAMS 0x00000000c3100000, 0x00000000c3100000| Untracked 
|  28|0x00000000c3200000, 0x00000000c3200000, 0x00000000c3300000|  0%| F|  |TAMS 0x00000000c3200000, 0x00000000c3200000| Untracked 
|  29|0x00000000c3300000, 0x00000000c3300000, 0x00000000c3400000|  0%| F|  |TAMS 0x00000000c3300000, 0x00000000c3300000| Untracked 
|  30|0x00000000c3400000, 0x00000000c3400000, 0x00000000c3500000|  0%| F|  |TAMS 0x00000000c3400000, 0x00000000c3400000| Untracked 
|  31|0x00000000c3500000, 0x00000000c3500000, 0x00000000c3600000|  0%| F|  |TAMS 0x00000000c3500000, 0x00000000c3500000| Untracked 
|  32|0x00000000c3600000, 0x00000000c3600000, 0x00000000c3700000|  0%| F|  |TAMS 0x00000000c3600000, 0x00000000c3600000| Untracked 
|  33|0x00000000c3700000, 0x00000000c3700000, 0x00000000c3800000|  0%| F|  |TAMS 0x00000000c3700000, 0x00000000c3700000| Untracked 
|  34|0x00000000c3800000, 0x00000000c3800000, 0x00000000c3900000|  0%| F|  |TAMS 0x00000000c3800000, 0x00000000c3800000| Untracked 
|  35|0x00000000c3900000, 0x00000000c3900000, 0x00000000c3a00000|  0%| F|  |TAMS 0x00000000c3900000, 0x00000000c3900000| Untracked 
|  36|0x00000000c3a00000, 0x00000000c3a00000, 0x00000000c3b00000|  0%| F|  |TAMS 0x00000000c3a00000, 0x00000000c3a00000| Untracked 
|  37|0x00000000c3b00000, 0x00000000c3b00000, 0x00000000c3c00000|  0%| F|  |TAMS 0x00000000c3b00000, 0x00000000c3b00000| Untracked 
|  38|0x00000000c3c00000, 0x00000000c3c00000, 0x00000000c3d00000|  0%| F|  |TAMS 0x00000000c3c00000, 0x00000000c3c00000| Untracked 
|  39|0x00000000c3d00000, 0x00000000c3d00000, 0x00000000c3e00000|  0%| F|  |TAMS 0x00000000c3d00000, 0x00000000c3d00000| Untracked 
|  40|0x00000000c3e00000, 0x00000000c3e00000, 0x00000000c3f00000|  0%| F|  |TAMS 0x00000000c3e00000, 0x00000000c3e00000| Untracked 
|  41|0x00000000c3f00000, 0x00000000c3f00000, 0x00000000c4000000|  0%| F|  |TAMS 0x00000000c3f00000, 0x00000000c3f00000| Untracked 
|  42|0x00000000c4000000, 0x00000000c4000000, 0x00000000c4100000|  0%| F|  |TAMS 0x00000000c4000000, 0x00000000c4000000| Untracked 
|  43|0x00000000c4100000, 0x00000000c4100000, 0x00000000c4200000|  0%| F|  |TAMS 0x00000000c4100000, 0x00000000c4100000| Untracked 
|  44|0x00000000c4200000, 0x00000000c4200000, 0x00000000c4300000|  0%| F|  |TAMS 0x00000000c4200000, 0x00000000c4200000| Untracked 
|  45|0x00000000c4300000, 0x00000000c4300000, 0x00000000c4400000|  0%| F|  |TAMS 0x00000000c4300000, 0x00000000c4300000| Untracked 
|  46|0x00000000c4400000, 0x00000000c4400000, 0x00000000c4500000|  0%| F|  |TAMS 0x00000000c4400000, 0x00000000c4400000| Untracked 
|  47|0x00000000c4500000, 0x00000000c4500000, 0x00000000c4600000|  0%| F|  |TAMS 0x00000000c4500000, 0x00000000c4500000| Untracked 
|  48|0x00000000c4600000, 0x00000000c4600000, 0x00000000c4700000|  0%| F|  |TAMS 0x00000000c4600000, 0x00000000c4600000| Untracked 
|  49|0x00000000c4700000, 0x00000000c4700000, 0x00000000c4800000|  0%| F|  |TAMS 0x00000000c4700000, 0x00000000c4700000| Untracked 
|  50|0x00000000c4800000, 0x00000000c4800000, 0x00000000c4900000|  0%| F|  |TAMS 0x00000000c4800000, 0x00000000c4800000| Untracked 
|  51|0x00000000c4900000, 0x00000000c4900000, 0x00000000c4a00000|  0%| F|  |TAMS 0x00000000c4900000, 0x00000000c4900000| Untracked 
|  52|0x00000000c4a00000, 0x00000000c4a00000, 0x00000000c4b00000|  0%| F|  |TAMS 0x00000000c4a00000, 0x00000000c4a00000| Untracked 
|  53|0x00000000c4b00000, 0x00000000c4b00000, 0x00000000c4c00000|  0%| F|  |TAMS 0x00000000c4b00000, 0x00000000c4b00000| Untracked 
|  54|0x00000000c4c00000, 0x00000000c4c00000, 0x00000000c4d00000|  0%| F|  |TAMS 0x00000000c4c00000, 0x00000000c4c00000| Untracked 
|  55|0x00000000c4d00000, 0x00000000c4d00000, 0x00000000c4e00000|  0%| F|  |TAMS 0x00000000c4d00000, 0x00000000c4d00000| Untracked 
|  56|0x00000000c4e00000, 0x00000000c4e00000, 0x00000000c4f00000|  0%| F|  |TAMS 0x00000000c4e00000, 0x00000000c4e00000| Untracked 
|  57|0x00000000c4f00000, 0x00000000c4f00000, 0x00000000c5000000|  0%| F|  |TAMS 0x00000000c4f00000, 0x00000000c4f00000| Untracked 
|  58|0x00000000c5000000, 0x00000000c5000000, 0x00000000c5100000|  0%| F|  |TAMS 0x00000000c5000000, 0x00000000c5000000| Untracked 
|  59|0x00000000c5100000, 0x00000000c5100000, 0x00000000c5200000|  0%| F|  |TAMS 0x00000000c5100000, 0x00000000c5100000| Untracked 
|  60|0x00000000c5200000, 0x00000000c5200000, 0x00000000c5300000|  0%| F|  |TAMS 0x00000000c5200000, 0x00000000c5200000| Untracked 
|  61|0x00000000c5300000, 0x00000000c5300000, 0x00000000c5400000|  0%| F|  |TAMS 0x00000000c5300000, 0x00000000c5300000| Untracked 
|  62|0x00000000c5400000, 0x00000000c5480040, 0x00000000c5500000| 50%| S|CS|TAMS 0x00000000c5400000, 0x00000000c5400000| Complete 
|  63|0x00000000c5500000, 0x00000000c5500000, 0x00000000c5600000|  0%| F|  |TAMS 0x00000000c5500000, 0x00000000c5500000| Untracked 

Card table byte_map: [0x000001c4aad60000,0x000001c4aaf60000] _byte_map_base: 0x000001c4aa755000

Marking Bits (Prev, Next): (CMBitMap*) 0x000001c491945428, (CMBitMap*) 0x000001c491945468
 Prev Bits: [0x000001c4ab160000, 0x000001c4ac108000)
 Next Bits: [0x000001c4ac110000, 0x000001c4ad0b8000)

Polling page: 0x000001c491770000

Metaspace:

Usage:
  Non-class:      4.00 MB capacity,   223.39 KB (  5%) used,     3.78 MB ( 95%) free+waste,    64 bytes ( <1%) overhead. 
      Class:    384.00 KB capacity,    20.95 KB (  5%) used,   362.98 KB ( 95%) free+waste,    64 bytes ( <1%) overhead. 
       Both:      4.38 MB capacity,   244.34 KB (  5%) used,     4.14 MB ( 95%) free+waste,   128 bytes ( <1%) overhead. 

Virtual space:
  Non-class space:       18.00 MB reserved,       4.00 MB ( 22%) committed 
      Class space:        1.00 GB reserved,     384.00 KB ( <1%) committed 
             Both:        1.02 GB reserved,       4.38 MB ( <1%) committed 

Chunk freelists:
   Non-Class:  0 bytes
       Class:  0 bytes
        Both:  0 bytes

MaxMetaspaceSize: 17179869184.00 GB
CompressedClassSpaceSize: 1.00 GB

CodeHeap 'non-profiled nmethods': size=120064Kb used=11Kb max_used=11Kb free=120052Kb
 bounds [0x000001c4a30d0000, 0x000001c4a3340000, 0x000001c4aa610000]
CodeHeap 'profiled nmethods': size=120000Kb used=40Kb max_used=40Kb free=119959Kb
 bounds [0x000001c49bba0000, 0x000001c49be10000, 0x000001c4a30d0000]
CodeHeap 'non-nmethods': size=5696Kb used=1077Kb max_used=1077Kb free=4618Kb
 bounds [0x000001c49b610000, 0x000001c49b880000, 0x000001c49bba0000]
 total_blobs=645 nmethods=40 adapters=214
 compilation: enabled
              stopped_count=0, restarted_count=0
 full_count=0

Compilation events (20 events):
Event: 0.172 Thread 0x000001c4afca7000   23       1       java.lang.module.ModuleDescriptor::name (5 bytes)
Event: 0.172 Thread 0x000001c4afca7000 nmethod 23 0x000001c4a30d0410 code [0x000001c4a30d05a0, 0x000001c4a30d06d8]
Event: 0.173 Thread 0x000001c4afca7000   24       1       java.lang.module.ModuleReference::descriptor (5 bytes)
Event: 0.174 Thread 0x000001c4afca7000 nmethod 24 0x000001c4a30d0790 code [0x000001c4a30d0920, 0x000001c4a30d0a58]
Event: 0.174 Thread 0x000001c4afca7000   25       3       java.net.URI::hash (33 bytes)
Event: 0.175 Thread 0x000001c4afca7000 nmethod 25 0x000001c49bba7f10 code [0x000001c49bba8120, 0x000001c49bba8600]
Event: 0.180 Thread 0x000001c4afc38800   26       4       java.lang.Object::<init> (1 bytes)
Event: 0.181 Thread 0x000001c4afc38800 nmethod 26 0x000001c4a30d0b10 code [0x000001c4a30d0ca0, 0x000001c4a30d0d18]
Event: 0.181 Thread 0x000001c4afca7000   27       3       java.util.ImmutableCollections$SetN$SetNIterator::nextIndex (56 bytes)
Event: 0.182 Thread 0x000001c4afca7000 nmethod 27 0x000001c49bba8790 code [0x000001c49bba8940, 0x000001c49bba8b18]
Event: 0.182 Thread 0x000001c4afca7000   28       3       java.util.concurrent.ConcurrentHashMap::tabAt (22 bytes)
Event: 0.182 Thread 0x000001c4afca7000 nmethod 28 0x000001c49bba8c10 code [0x000001c49bba8dc0, 0x000001c49bba9138]
Event: 0.183 Thread 0x000001c4afca7000   30       3       java.util.concurrent.ConcurrentHashMap::spread (10 bytes)
Event: 0.183 Thread 0x000001c4afca7000 nmethod 30 0x000001c49bba9210 code [0x000001c49bba93a0, 0x000001c49bba94f8]
Event: 0.184 Thread 0x000001c4afca7000   31       3       java.util.ImmutableCollections$SetN$SetNIterator::next (47 bytes)
Event: 0.184 Thread 0x000001c4afca7000 nmethod 31 0x000001c49bba9590 code [0x000001c49bba9760, 0x000001c49bba9ac0]
Event: 0.192 Thread 0x000001c4afca7000   32       3       java.util.HashMap::hash (20 bytes)
Event: 0.193 Thread 0x000001c4afca7000 nmethod 32 0x000001c49bba9c10 code [0x000001c49bba9dc0, 0x000001c49bbaa030]
Event: 0.202 Thread 0x000001c4afca7000   34       1       java.lang.Enum::ordinal (5 bytes)
Event: 0.202 Thread 0x000001c4afca7000 nmethod 34 0x000001c4a30d1610 code [0x000001c4a30d17a0, 0x000001c4a30d18d8]

GC Heap History (2 events):
Event: 0.214 GC heap before
{Heap before GC invocations=0 (full 0):
 garbage-first heap   total 65536K, used 0K [0x00000000c1600000, 0x0000000100000000)
  region size 1024K, 1 young (1024K), 0 survivors (0K)
 Metaspace       used 244K, capacity 4480K, committed 4480K, reserved 1064960K
  class space    used 20K, capacity 384K, committed 384K, reserved 1048576K
}
Event: 0.220 GC heap after
{Heap after GC invocations=1 (full 0):
 garbage-first heap   total 65536K, used 512K [0x00000000c1600000, 0x0000000100000000)
  region size 1024K, 1 young (1024K), 1 survivors (1024K)
 Metaspace       used 244K, capacity 4480K, committed 4480K, reserved 1064960K
  class space    used 20K, capacity 384K, committed 384K, reserved 1048576K
}

Deoptimization events (0 events):
No events

Classes unloaded (0 events):
No events

Classes redefined (0 events):
No events

Internal exceptions (0 events):
No events

Events (20 events):
Event: 0.121 Thread 0x000001c4afcab800 Thread added: 0x000001c4afcab800
Event: 0.129 loading class jdk/internal/module/ModulePath
Event: 0.130 loading class jdk/internal/module/ModulePath done
Event: 0.185 loading class java/lang/module/ModuleFinder$2
Event: 0.186 loading class java/lang/module/ModuleFinder$2 done
Event: 0.186 loading class java/lang/module/Resolver
Event: 0.187 loading class java/lang/module/Resolver done
Event: 0.187 loading class java/lang/module/ModuleFinder$1
Event: 0.187 loading class java/lang/module/ModuleFinder$1 done
Event: 0.187 loading class java/util/AbstractList$RandomAccessSpliterator
Event: 0.188 loading class java/util/AbstractList$RandomAccessSpliterator done
Event: 0.202 loading class java/lang/Module$ReflectionData
Event: 0.203 loading class java/lang/Module$ReflectionData done
Event: 0.203 loading class java/lang/WeakPairMap
Event: 0.203 loading class java/lang/WeakPairMap done
Event: 0.203 loading class java/lang/WeakPairMap$Pair
Event: 0.204 loading class java/lang/WeakPairMap$Pair done
Event: 0.204 loading class java/lang/WeakPairMap$Pair$Lookup
Event: 0.204 loading class java/lang/WeakPairMap$Pair$Lookup done
Event: 0.214 Executing VM operation: CollectForMetadataAllocation


Dynamic libraries:
0x00007ff65d180000 - 0x00007ff65d18f000 	C:\Program Files\Java\jdk-13.0.2\bin\javaw.exe
0x00007ffb1b680000 - 0x00007ffb1b85b000 	C:\windows\SYSTEM32\ntdll.dll
0x00007ffb18ce0000 - 0x00007ffb18d8e000 	C:\windows\System32\KERNEL32.DLL
0x00007ffb17bc0000 - 0x00007ffb17e0a000 	C:\windows\System32\KERNELBASE.dll
0x00007ffb18610000 - 0x00007ffb18706000 	C:\windows\System32\ucrtbase.dll
0x00007ffaf3b10000 - 0x00007ffaf3b25000 	C:\Program Files\Java\jdk-13.0.2\bin\VCRUNTIME140.dll
0x00007ffaf3b30000 - 0x00007ffaf3b48000 	C:\Program Files\Java\jdk-13.0.2\bin\jli.dll
0x00007ffb18fc0000 - 0x00007ffb19061000 	C:\windows\System32\ADVAPI32.dll
0x00007ffb18c40000 - 0x00007ffb18cdd000 	C:\windows\System32\msvcrt.dll
0x00007ffb18d90000 - 0x00007ffb18de9000 	C:\windows\System32\sechost.dll
0x00007ffb194b0000 - 0x00007ffb195d5000 	C:\windows\System32\RPCRT4.dll
0x00007ffb19f30000 - 0x00007ffb1a07a000 	C:\windows\System32\USER32.dll
0x00007ffb17ba0000 - 0x00007ffb17bbe000 	C:\windows\System32\win32u.dll
0x00007ffb195e0000 - 0x00007ffb19607000 	C:\windows\System32\GDI32.dll
0x00007ffb18930000 - 0x00007ffb18ab8000 	C:\windows\System32\gdi32full.dll
0x00007ffb17e70000 - 0x00007ffb17f0a000 	C:\windows\System32\msvcp_win.dll
0x00007ffb0bb80000 - 0x00007ffb0bde7000 	C:\windows\WinSxS\amd64_microsoft.windows.common-controls_6595b64144ccf1df_6.0.15063.1155_none_40c7922129a7722b\COMCTL32.dll
0x00007ffb19c20000 - 0x00007ffb19f19000 	C:\windows\System32\combase.dll
0x00007ffb18ac0000 - 0x00007ffb18b2a000 	C:\windows\System32\bcryptPrimitives.dll
0x00007ffb0be00000 - 0x00007ffb0be0a000 	C:\windows\SYSTEM32\VERSION.dll
0x00007ffb18df0000 - 0x00007ffb18e1d000 	C:\windows\System32\IMM32.DLL
0x00007ffaf0f80000 - 0x00007ffaf101b000 	C:\Program Files\Java\jdk-13.0.2\bin\msvcp140.dll
0x00007ffaf1020000 - 0x00007ffaf1b7d000 	C:\Program Files\Java\jdk-13.0.2\bin\server\jvm.dll
0x00007ffb19960000 - 0x00007ffb19968000 	C:\windows\System32\PSAPI.DLL
0x00007ffb145e0000 - 0x00007ffb145e9000 	C:\windows\SYSTEM32\WSOCK32.dll
0x00007ffb18e40000 - 0x00007ffb18eac000 	C:\windows\System32\WS2_32.dll
0x00007ffb15f90000 - 0x00007ffb15fb3000 	C:\windows\SYSTEM32\WINMM.dll
0x00007ffb15f40000 - 0x00007ffb15f6b000 	C:\windows\SYSTEM32\WINMMBASE.dll
0x00007ffb18710000 - 0x00007ffb18759000 	C:\windows\System32\cfgmgr32.dll
0x00007ffb17b80000 - 0x00007ffb17b91000 	C:\windows\System32\kernel.appcore.dll
0x00007ffb13300000 - 0x00007ffb13310000 	C:\Program Files\Java\jdk-13.0.2\bin\verify.dll
0x00007ffb14370000 - 0x00007ffb14519000 	C:\windows\SYSTEM32\DBGHELP.DLL
0x00007ffb05940000 - 0x00007ffb05969000 	C:\windows\SYSTEM32\dbgcore.DLL
0x00007ffb130d0000 - 0x00007ffb130f6000 	C:\Program Files\Java\jdk-13.0.2\bin\java.dll
0x00007ffb11dc0000 - 0x00007ffb11dd7000 	C:\Program Files\Java\jdk-13.0.2\bin\zip.dll
0x00007ffb11db0000 - 0x00007ffb11dba000 	C:\Program Files\Java\jdk-13.0.2\bin\jimage.dll
0x00007ffb1a0f0000 - 0x00007ffb1b528000 	C:\windows\System32\SHELL32.dll
0x00007ffb18f10000 - 0x00007ffb18fba000 	C:\windows\System32\shcore.dll
0x00007ffb17f10000 - 0x00007ffb18601000 	C:\windows\System32\windows.storage.dll
0x00007ffb18be0000 - 0x00007ffb18c31000 	C:\windows\System32\shlwapi.dll
0x00007ffb17b10000 - 0x00007ffb17b5c000 	C:\windows\System32\powrprof.dll
0x00007ffb17b60000 - 0x00007ffb17b75000 	C:\windows\System32\profapi.dll

dbghelp: loaded successfully - version: 4.0.5 - missing functions: none
symbol engine: initialized successfully - sym options: 0x614 - pdb path: .;C:\Program Files\Java\jdk-13.0.2\bin;C:\windows\SYSTEM32;C:\windows\WinSxS\amd64_microsoft.windows.common-controls_6595b64144ccf1df_6.0.15063.1155_none_40c7922129a7722b;C:\Program Files\Java\jdk-13.0.2\bin\server

VM Arguments:
jvm_args: -Dfile.encoding=Cp1252 --module-path=C:\Users\santi\eclipse-workspace\Todo1\bin -Djdk.module.main=Todo1 
java_command: Todo1/Vista.Vinventario
java_class_path (initial): <not set>
Launcher Type: SUN_STANDARD

[Global flags]
     intx CICompilerCount                          = 2                                         {product} {ergonomic}
     uint ConcGCThreads                            = 1                                         {product} {ergonomic}
     uint G1ConcRefinementThreads                  = 2                                         {product} {ergonomic}
   size_t G1HeapRegionSize                         = 1048576                                   {product} {ergonomic}
    uintx GCDrainStackTargetSize                   = 64                                        {product} {ergonomic}
   size_t InitialHeapSize                          = 67108864                                  {product} {ergonomic}
   size_t MarkStackSize                            = 4194304                                   {product} {ergonomic}
   size_t MaxHeapSize                              = 1050673152                                {product} {ergonomic}
   size_t MaxNewSize                               = 630194176                                 {product} {ergonomic}
   size_t MinHeapDeltaBytes                        = 1048576                                   {product} {ergonomic}
   size_t MinHeapSize                              = 8388608                                   {product} {ergonomic}
    uintx NonNMethodCodeHeapSize                   = 5826188                                {pd product} {ergonomic}
    uintx NonProfiledCodeHeapSize                  = 122916026                              {pd product} {ergonomic}
    uintx ProfiledCodeHeapSize                     = 122916026                              {pd product} {ergonomic}
    uintx ReservedCodeCacheSize                    = 251658240                              {pd product} {ergonomic}
     bool SegmentedCodeCache                       = true                                      {product} {ergonomic}
   size_t SoftMaxHeapSize                          = 1050673152                             {manageable} {ergonomic}
     bool UseCompressedClassPointers               = true                                 {lp64_product} {ergonomic}
     bool UseCompressedOops                        = true                                 {lp64_product} {ergonomic}
     bool UseG1GC                                  = true                                      {product} {ergonomic}
     bool UseLargePagesIndividualAllocation        = false                                  {pd product} {ergonomic}

Logging:
Log output configuration:
 #0: stdout all=warning uptime,level,tags
 #1: stderr all=off uptime,level,tags

Environment Variables:
PATH=C:/Program Files/Java/jdk-13.0.2/bin/server;C:/Program Files/Java/jdk-13.0.2/bin;C:\windows\System32;C:\Users\santi\AppData\Local\Microsoft\WindowsApps;;D:\Escritorio;
USERNAME=santi
OS=Windows_NT
PROCESSOR_IDENTIFIER=Intel64 Family 6 Model 76 Stepping 4, GenuineIntel



---------------  S Y S T E M  ---------------

OS: Windows 10 , 64 bit Build 15063 (10.0.15063.1058)

CPU:total 2 (initial active 2) (2 cores per cpu, 1 threads per core) family 6 model 76 stepping 4, cmov, cx8, fxsr, mmx, sse, sse2, sse3, ssse3, sse4.1, sse4.2, popcnt, aes, clmul, erms, 3dnowpref, tsc, tscinvbit

Memory: 4k page, system-wide physical 4001M (987M free)
TotalPageFile size 6416M (AvailPageFile size 4M)
current process WorkingSet (physical memory assigned to process): 28M, peak: 28M
current process commit charge ("private bytes"): 133M, peak: 134M

vm_info: Java HotSpot(TM) 64-Bit Server VM (13.0.2+8) for windows-amd64 JRE (13.0.2+8), built on Dec 11 2019 09:20:33 by "mach5one" with unknown MS VC++:1916

END.
